[9328:20844:0214/192739.313:INFO:chrome_browser_cloud_management_controller.cc(196)] No machine level policy manager exists.
[4488:14612:0214/192739.637:WARNING:viz_main_impl.cc(85)] VizNullHypothesis is disabled (not a warning)
[4488:14612:0214/192739.642:ERROR:direct_composition_support.cc(1070)] QueryInterface to IDCompositionDevice4 failed: 해당 인터페이스를 지원하지 않습니다. (0x80004002)
[9328:20844:0214/192743.605:INFO:CONSOLE(0)] "<meta name="apple-mobile-web-app-capable" content="yes"> is deprecated. Please include <meta name="mobile-web-app-capable" content="yes">", source: https://band.us/home (0)
[9328:20844:0214/192750.416:WARNING:controller_impl.cc(1187)] Background download complete, client: 6, completion type: 0, file size:5184
[9328:20844:0214/192750.476:WARNING:controller_impl.cc(1187)] Background download complete, client: 6, completion type: 0, file size:265059
[9328:20844:0214/192751.454:WARNING:controller_impl.cc(1187)] Background download complete, client: 6, completion type: 0, file size:45159
[9328:20844:0214/192751.462:WARNING:download_manager_impl.cc(701)] A download with the same GUID already exists, the new request is ignored.
[9328:20844:0214/192751.606:WARNING:controller_impl.cc(1187)] Background download complete, client: 6, completion type: 0, file size:2200227
[9328:20844:0214/192751.957:WARNING:controller_impl.cc(1187)] Background download complete, client: 6, completion type: 0, file size:4680
[9328:20844:0214/192753.020:WARNING:controller_impl.cc(1187)] Background download complete, client: 6, completion type: 0, file size:118577
[9328:20844:0214/192755.594:WARNING:controller_impl.cc(1187)] Background download complete, client: 6, completion type: 0, file size:2747169
[9328:20844:0214/192801.788:INFO:CONSOLE(0)] "[DOM] Input elements should have autocomplete attributes (suggested: "new-password"): (More info: https://goo.gl/9p2vKq) %o", source: https://auth.band.us/email_login/password?login_type= (0)
[9328:20844:0214/192855.372:INFO:CONSOLE(319)] "true", source: https://auth.band.us/b/validation/email?next_url=https%3A%2F%2Fband.us (319)
[9328:20844:0214/192937.843:INFO:CONSOLE(301)] "resend enabled", source: https://auth.band.us/b/validation/email?next_url=https%3A%2F%2Fband.us (301)
[15528:17332:0214/192939.588:WARNING:viz_main_impl.cc(85)] VizNullHypothesis is disabled (not a warning)
[9328:20844:0214/192943.406:INFO:CONSOLE(2)] "Deprecation warning: moment construction falls back to js Date. This is discouraged and will be removed in upcoming major release. Please refer to https://github.com/moment/moment/issues/1407 for more info.", source: https://ssl.pstatic.net/cmstatic/webclient/band-web/script/20250212141635/boot.bundle.js?_=20250212141635 (2)
[9328:20844:0214/193025.652:WARNING:content_autofill_driver.cc(218)] Skipped Autofill message for inactive frame
[4488:15828:0214/193025.876:ERROR:latency_info.cc(92)] CompositorFrameSinkSupport::MaybeSubmitCompositorFrame, LatencyInfo vector size 130 is too big.
[9328:20844:0214/193453.290:WARNING:content_autofill_driver.cc(218)] Skipped Autofill message for inactive frame
[9328:20844:0214/193453.959:WARNING:content_autofill_driver.cc(218)] Skipped Autofill message for inactive frame
[9328:20844:0214/193453.989:WARNING:content_autofill_driver.cc(218)] Skipped Autofill message for inactive frame
[9328:20844:0214/193458.517:WARNING:content_autofill_driver.cc(218)] Skipped Autofill message for inactive frame
[9328:20844:0214/193502.177:WARNING:content_autofill_driver.cc(218)] Skipped Autofill message for inactive frame
[9328:20844:0214/193502.244:WARNING:content_autofill_driver.cc(218)] Skipped Autofill message for inactive frame
[9328:20844:0214/193530.142:WARNING:content_autofill_driver.cc(218)] Skipped Autofill message for inactive frame
[4488:15828:0214/193530.433:ERROR:latency_info.cc(92)] CompositorFrameSinkSupport::MaybeSubmitCompositorFrame, LatencyInfo vector size 162 is too big.
[9328:20844:0214/194059.681:INFO:CONSOLE(2)] "Deprecation warning: moment construction falls back to js Date. This is discouraged and will be removed in upcoming major release. Please refer to https://github.com/moment/moment/issues/1407 for more info.", source: https://ssl.pstatic.net/cmstatic/webclient/band-web/script/20250212141635/boot.bundle.js?_=20250212141635 (2)
[4488:15828:0214/194630.062:ERROR:latency_info.cc(92)] CompositorFrameSinkSupport::MaybeSubmitCompositorFrame, LatencyInfo vector size 162 is too big.
[4488:15828:0214/195250.650:ERROR:latency_info.cc(92)] CompositorFrameSinkSupport::MaybeSubmitCompositorFrame, LatencyInfo vector size 162 is too big.
[9328:20844:0214/200309.093:INFO:CONSOLE(2)] "Deprecation warning: moment construction falls back to js Date. This is discouraged and will be removed in upcoming major release. Please refer to https://github.com/moment/moment/issues/1407 for more info.", source: https://ssl.pstatic.net/cmstatic/webclient/band-web/script/20250212141635/boot.bundle.js?_=20250212141635 (2)
[9328:20844:0214/202220.456:INFO:CONSOLE(0)] "[DOM] Input elements should have autocomplete attributes (suggested: "new-password"): (More info: https://goo.gl/9p2vKq) %o", source: https://auth.band.us/email_login/password?login_type= (0)
[9328:20844:0214/202228.682:INFO:CONSOLE(2)] "Deprecation warning: moment construction falls back to js Date. This is discouraged and will be removed in upcoming major release. Please refer to https://github.com/moment/moment/issues/1407 for more info.", source: https://ssl.pstatic.net/cmstatic/webclient/band-web/script/20250212141635/boot.bundle.js?_=20250212141635 (2)
[4488:15828:0214/202306.883:ERROR:latency_info.cc(92)] CompositorFrameSinkSupport::MaybeSubmitCompositorFrame, LatencyInfo vector size 162 is too big.
[9328:20844:0214/203331.971:INFO:CONSOLE(0)] "[DOM] Input elements should have autocomplete attributes (suggested: "new-password"): (More info: https://goo.gl/9p2vKq) %o", source: https://auth.band.us/email_login/password?login_type= (0)
[9328:20844:0214/203338.685:INFO:CONSOLE(2)] "Deprecation warning: moment construction falls back to js Date. This is discouraged and will be removed in upcoming major release. Please refer to https://github.com/moment/moment/issues/1407 for more info.", source: https://ssl.pstatic.net/cmstatic/webclient/band-web/script/20250212141635/boot.bundle.js?_=20250212141635 (2)
[9328:20844:0214/203443.012:ERROR:new_tab_page_handler.cc(1306)] NewTabPage loaded into a non-browser-tab context
[4488:15828:0214/203443.104:ERROR:latency_info.cc(92)] CompositorFrameSinkSupport::MaybeSubmitCompositorFrame, LatencyInfo vector size 262 is too big.
[4488:15828:0214/204251.858:ERROR:latency_info.cc(92)] CompositorFrameSinkSupport::MaybeSubmitCompositorFrame, LatencyInfo vector size 337 is too big.
[9328:20844:0214/204531.048:INFO:CONSOLE(0)] "[DOM] Input elements should have autocomplete attributes (suggested: "new-password"): (More info: https://goo.gl/9p2vKq) %o", source: https://auth.band.us/email_login/password?login_type= (0)
[9328:20844:0214/204538.344:INFO:CONSOLE(2)] "Deprecation warning: moment construction falls back to js Date. This is discouraged and will be removed in upcoming major release. Please refer to https://github.com/moment/moment/issues/1407 for more info.", source: https://ssl.pstatic.net/cmstatic/webclient/band-web/script/20250212141635/boot.bundle.js?_=20250212141635 (2)
[9328:20844:0214/205025.005:INFO:CONSOLE(2)] "sendNeloLog:  [object Object]", source: https://ssl.pstatic.net/cmstatic/webclient/band-web/script/20250212141635/boot.bundle.js?_=20250212141635 (2)
[9328:20844:0214/205028.429:INFO:CONSOLE(2)] "Deprecation warning: moment construction falls back to js Date. This is discouraged and will be removed in upcoming major release. Please refer to https://github.com/moment/moment/issues/1407 for more info.", source: https://ssl.pstatic.net/cmstatic/webclient/band-web/script/20250212141635/boot.bundle.js?_=20250212141635 (2)
[9328:20844:0214/205658.914:INFO:CONSOLE(0)] "[DOM] Input elements should have autocomplete attributes (suggested: "new-password"): (More info: https://goo.gl/9p2vKq) %o", source: https://auth.band.us/email_login/password?login_type= (0)
[9328:20844:0214/205705.916:INFO:CONSOLE(2)] "Deprecation warning: moment construction falls back to js Date. This is discouraged and will be removed in upcoming major release. Please refer to https://github.com/moment/moment/issues/1407 for more info.", source: https://ssl.pstatic.net/cmstatic/webclient/band-web/script/20250212141635/boot.bundle.js?_=20250212141635 (2)
[4488:15828:0214/210003.095:ERROR:latency_info.cc(92)] CompositorFrameSinkSupport::MaybeSubmitCompositorFrame, LatencyInfo vector size 1098 is too big.
[9328:20844:0214/210243.636:INFO:CONSOLE(2)] "Deprecation warning: moment construction falls back to js Date. This is discouraged and will be removed in upcoming major release. Please refer to https://github.com/moment/moment/issues/1407 for more info.", source: https://ssl.pstatic.net/cmstatic/webclient/band-web/script/20250212141635/boot.bundle.js?_=20250212141635 (2)
[4488:15828:0214/212151.716:ERROR:latency_info.cc(92)] CompositorFrameSinkSupport::MaybeSubmitCompositorFrame, LatencyInfo vector size 143 is too big.
[9328:20844:0214/212807.279:INFO:CONSOLE(0)] "[DOM] Input elements should have autocomplete attributes (suggested: "new-password"): (More info: https://goo.gl/9p2vKq) %o", source: https://auth.band.us/email_login/password?login_type= (0)
[9328:20844:0214/212813.982:INFO:CONSOLE(2)] "Deprecation warning: moment construction falls back to js Date. This is discouraged and will be removed in upcoming major release. Please refer to https://github.com/moment/moment/issues/1407 for more info.", source: https://ssl.pstatic.net/cmstatic/webclient/band-web/script/20250212141635/boot.bundle.js?_=20250212141635 (2)
[4488:15828:0214/212852.306:ERROR:latency_info.cc(92)] CompositorFrameSinkSupport::MaybeSubmitCompositorFrame, LatencyInfo vector size 138 is too big.
[9328:20844:0214/214052.909:INFO:CONSOLE(0)] "[DOM] Input elements should have autocomplete attributes (suggested: "new-password"): (More info: https://goo.gl/9p2vKq) %o", source: https://auth.band.us/email_login/password?login_type= (0)
[9328:20844:0214/214101.254:INFO:CONSOLE(2)] "Deprecation warning: moment construction falls back to js Date. This is discouraged and will be removed in upcoming major release. Please refer to https://github.com/moment/moment/issues/1407 for more info.", source: https://ssl.pstatic.net/cmstatic/webclient/band-web/script/20250212141635/boot.bundle.js?_=20250212141635 (2)
[9328:20844:0214/214103.201:INFO:CONSOLE(2)] "Deprecation warning: moment construction falls back to js Date. This is discouraged and will be removed in upcoming major release. Please refer to https://github.com/moment/moment/issues/1407 for more info.", source: https://ssl.pstatic.net/cmstatic/webclient/band-web/script/20250212141635/boot.bundle.js?_=20250212141635 (2)
[4488:15828:0214/214231.701:ERROR:latency_info.cc(92)] CompositorFrameSinkSupport::MaybeSubmitCompositorFrame, LatencyInfo vector size 673 is too big.
[4488:15828:0214/214638.040:ERROR:latency_info.cc(92)] CompositorFrameSinkSupport::MaybeSubmitCompositorFrame, LatencyInfo vector size 120 is too big.
[4488:15828:0214/215132.154:ERROR:latency_info.cc(92)] CompositorFrameSinkSupport::MaybeSubmitCompositorFrame, LatencyInfo vector size 129 is too big.
